c:\users\test\desktop\sdl_game\game1\x64\debug\vc143.pdb
c:\users\test\desktop\sdl_game\game1\x64\debug\vc143.idb
c:\users\test\desktop\sdl_game\game1\x64\debug\vec2.obj
c:\users\test\desktop\sdl_game\game1\x64\debug\texturemanager.obj
c:\users\test\desktop\sdl_game\game1\x64\debug\states.obj
c:\users\test\desktop\sdl_game\game1\x64\debug\sdlgameobject.obj
c:\users\test\desktop\sdl_game\game1\x64\debug\menuobject.obj
c:\users\test\desktop\sdl_game\game1\x64\debug\main.obj
c:\users\test\desktop\sdl_game\game1\x64\debug\game.obj
c:\users\test\desktop\sdl_game\game1\x64\debug\eventhandler.obj
c:\users\test\desktop\sdl_game\game1\x64\debug\caracters.obj
c:\users\test\desktop\sdl_game\game1\x64\debug\game1.ilk
c:\users\test\desktop\sdl_game\game1\x64\debug\game1.exe
c:\users\test\desktop\sdl_game\game1\x64\debug\game1.pdb
c:\users\test\desktop\sdl_game\game1\x64\debug\game1.tlog\cl.command.1.tlog
c:\users\test\desktop\sdl_game\game1\x64\debug\game1.tlog\cl.read.1.tlog
c:\users\test\desktop\sdl_game\game1\x64\debug\game1.tlog\cl.write.1.tlog
c:\users\test\desktop\sdl_game\game1\x64\debug\game1.tlog\link.command.1.tlog
c:\users\test\desktop\sdl_game\game1\x64\debug\game1.tlog\link.read.1.tlog
c:\users\test\desktop\sdl_game\game1\x64\debug\game1.tlog\link.write.1.tlog
