  Caracters.cpp
  Game.cpp
  main.cpp
  SDLGameObject.cpp
  TextureManager.cpp
C:\Users\Test\Desktop\Home\SDL_game\Game1\TextureManager.cpp(40,30): warning C4244: '=': conversion from 'int' to 'float', possible loss of data
C:\Users\Test\Desktop\Home\SDL_game\Game1\TextureManager.cpp(40,28): warning C4244: '=': conversion from 'float' to 'int', possible loss of data
C:\Users\Test\Desktop\Home\SDL_game\Game1\TextureManager.cpp(41,30): warning C4244: '=': conversion from 'int' to 'float', possible loss of data
C:\Users\Test\Desktop\Home\SDL_game\Game1\TextureManager.cpp(41,28): warning C4244: '=': conversion from 'float' to 'int', possible loss of data
C:\Users\Test\Desktop\Home\SDL_game\Game1\TextureManager.cpp(42,18): warning C4244: '=': conversion from 'int' to 'float', possible loss of data
C:\Users\Test\Desktop\Home\SDL_game\Game1\TextureManager.cpp(43,18): warning C4244: '=': conversion from 'int' to 'float', possible loss of data
C:\Users\Test\Desktop\Home\SDL_game\Game1\TextureManager.cpp(56,30): warning C4244: '=': conversion from 'int' to 'float', possible loss of data
C:\Users\Test\Desktop\Home\SDL_game\Game1\TextureManager.cpp(56,28): warning C4244: '=': conversion from 'float' to 'int', possible loss of data
C:\Users\Test\Desktop\Home\SDL_game\Game1\TextureManager.cpp(57,30): warning C4244: '=': conversion from 'int' to 'float', possible loss of data
C:\Users\Test\Desktop\Home\SDL_game\Game1\TextureManager.cpp(57,28): warning C4244: '=': conversion from 'float' to 'int', possible loss of data
C:\Users\Test\Desktop\Home\SDL_game\Game1\TextureManager.cpp(58,18): warning C4244: '=': conversion from 'int' to 'float', possible loss of data
C:\Users\Test\Desktop\Home\SDL_game\Game1\TextureManager.cpp(59,18): warning C4244: '=': conversion from 'int' to 'float', possible loss of data
  vec2D.cpp
C:\Users\Test\Desktop\Home\SDL_game\Game1\vec2D.cpp(41,11): warning C4244: 'initializing': conversion from 'double' to 'int', possible loss of data
  Generating Code...
  Game1.vcxproj -> C:\Users\Test\Desktop\Home\SDL_game\Game1\x64\Debug\Game1.exe
